<?xml version="1.0" encoding="UTF-8" standalone="yes"?>
<testsuites name="TestClose" time="17" tests="0" failures="0" errors="1">
    <testsuite name="TestClose" tests="0" failures="0" errors="1" time="17" timestamp="2019-09-18 15:28:16" hostname="Saringkan - Saringkan-K" id="Test Suites/TestClose">
        <properties>
            <property name="deviceName" value=""/>
            <property name="devicePlatform" value=""/>
            <property name="logFolder" value="C:\\Users\\Saringkan\\Katalon Studio\\MS_General by pA\\Reports\\20190918_152814\\TestClose\\20190918_152814"/>
            <property name="logFiles" value="C:\\Users\\Saringkan\\Katalon Studio\\MS_General by pA\\Reports\\20190918_152814\\TestClose\\20190918_152814\\execution0.log"/>
            <property name="attachments" value=""/>
            <property name="hostName" value="Saringkan - Saringkan-K"/>
            <property name="os" value="Windows 10 64bit"/>
            <property name="katalonVersion" value="6.3.2.4"/>
            <property name="browser" value="Chrome 76.0.3809.132"/>
            <property name="hostAddress" value="10.0.3.20"/>
            <property name="sessionId" value="3335abe4f6febb0a73daae2bea27db10"/>
            <property name="seleniumVersion" value="3.141.59"/>
            <property name="proxyInformation" value="ProxyInformation{proxyOption=NO_PROXY, proxyServerType=HTTP, password=, proxyServerAddress=, proxyServerPort=0}"/>
            <property name="platform" value="Windows 10"/>
        </properties>
        <testcase name="Test Cases/MS_General_ServiceQuality" classname="Test Cases/MS_General_ServiceQuality" status="ERROR">
            <error type="ERROR" message="Test Cases/MS_General_ServiceQuality FAILED.&#xA;Reason:&#xA;java.lang.IllegalArgumentException: Invalid column name 'อยากแนะนำให้คนใกล้ชิดหรือคนรู้จักมาใช้บริการในระดับใด' for test data 'C:\Users\Saringkan\Katalon Studio\MS_General by pA\Data Files\MS_General.xlsx'. Possible values are '{Testcase,ความพึงพอใจโดยรวมอยู่ในระดับใด,ความรวดเร็วของการบริการ,คุณภาพของสินค้า,บรรยากาศ,ราคา,ความสะดวกในการเดินทาง,ใช้บริการบ่อยแค่ไหน,มีอะไรอยากแนะนำไหม,เพศ,ปีเกิด (พ.ศ.)}'&#xD;&#xA;&#x9;at com.kms.katalon.core.testdata.AbstractTestData.verifyColumnName(AbstractTestData.java:78)&#xD;&#xA;&#x9;at com.kms.katalon.core.testdata.AbstractTestData.getObjectValue(AbstractTestData.java:136)&#xD;&#xA;&#x9;at com.kms.katalon.core.testdata.AbstractTestData.getValue(AbstractTestData.java:107)&#xD;&#xA;&#x9;at com.kms.katalon.core.testdata.TestData$getValue$0.call(Unknown Source)&#xD;&#xA;&#x9;at MS_General_ServiceQuality.run(MS_General_ServiceQuality:118)&#xD;&#xA;&#x9;at com.kms.katalon.core.main.ScriptEngine.run(ScriptEngine.java:194)&#xD;&#xA;&#x9;at com.kms.katalon.core.main.ScriptEngine.runScriptAsRawText(ScriptEngine.java:119)&#xD;&#xA;&#x9;at com.kms.katalon.core.main.TestCaseExecutor.runScript(TestCaseExecutor.java:337)&#xD;&#xA;&#x9;at com.kms.katalon.core.main.TestCaseExecutor.doExecute(TestCaseExecutor.java:328)&#xD;&#xA;&#x9;at com.kms.katalon.core.main.TestCaseExecutor.processExecutionPhase(TestCaseExecutor.java:307)&#xD;&#xA;&#x9;at com.kms.katalon.core.main.TestCaseExecutor.accessMainPhase(TestCaseExecutor.java:299)&#xD;&#xA;&#x9;at com.kms.katalon.core.main.TestCaseExecutor.execute(TestCaseExecutor.java:233)&#xD;&#xA;&#x9;at com.kms.katalon.core.main.TestSuiteExecutor.accessTestCaseMainPhase(TestSuiteExecutor.java:169)&#xD;&#xA;&#x9;at com.kms.katalon.core.main.TestSuiteExecutor.accessTestSuiteMainPhase(TestSuiteExecutor.java:142)&#xD;&#xA;&#x9;at com.kms.katalon.core.main.TestSuiteExecutor.execute(TestSuiteExecutor.java:91)&#xD;&#xA;&#x9;at com.kms.katalon.core.main.TestCaseMain.startTestSuite(TestCaseMain.java:157)&#xD;&#xA;&#x9;at com.kms.katalon.core.main.TestCaseMain$startTestSuite$0.call(Unknown Source)&#xD;&#xA;&#x9;at TempTestSuite1568795294571.run(TempTestSuite1568795294571.groovy:35)&#xD;&#xA;"/>
            <system-out>2019-09-18 15:28:16 - [TEST_CASE][ERROR] - Test Cases/MS_General_ServiceQuality: Test Cases/MS_General_ServiceQuality FAILED.
Reason:
java.lang.IllegalArgumentException: Invalid column name 'อยากแนะนำให้คนใกล้ชิดหรือคนรู้จักมาใช้บริการในระดับใด' for test data 'C:\Users\Saringkan\Katalon Studio\MS_General by pA\Data Files\MS_General.xlsx'. Possible values are '{Testcase,ความพึงพอใจโดยรวมอยู่ในระดับใด,ความรวดเร็วของการบริการ,คุณภาพของสินค้า,บรรยากาศ,ราคา,ความสะดวกในการเดินทาง,ใช้บริการบ่อยแค่ไหน,มีอะไรอยากแนะนำไหม,เพศ,ปีเกิด (พ.ศ.)}'&#xD;
	at com.kms.katalon.core.testdata.AbstractTestData.verifyColumnName(AbstractTestData.java:78)&#xD;
	at com.kms.katalon.core.testdata.AbstractTestData.getObjectValue(AbstractTestData.java:136)&#xD;
	at com.kms.katalon.core.testdata.AbstractTestData.getValue(AbstractTestData.java:107)&#xD;
	at com.kms.katalon.core.testdata.TestData$getValue$0.call(Unknown Source)&#xD;
	at MS_General_ServiceQuality.run(MS_General_ServiceQuality:118)&#xD;
	at com.kms.katalon.core.main.ScriptEngine.run(ScriptEngine.java:194)&#xD;
	at com.kms.katalon.core.main.ScriptEngine.runScriptAsRawText(ScriptEngine.java:119)&#xD;
	at com.kms.katalon.core.main.TestCaseExecutor.runScript(TestCaseExecutor.java:337)&#xD;
	at com.kms.katalon.core.main.TestCaseExecutor.doExecute(TestCaseExecutor.java:328)&#xD;
	at com.kms.katalon.core.main.TestCaseExecutor.processExecutionPhase(TestCaseExecutor.java:307)&#xD;
	at com.kms.katalon.core.main.TestCaseExecutor.accessMainPhase(TestCaseExecutor.java:299)&#xD;
	at com.kms.katalon.core.main.TestCaseExecutor.execute(TestCaseExecutor.java:233)&#xD;
	at com.kms.katalon.core.main.TestSuiteExecutor.accessTestCaseMainPhase(TestSuiteExecutor.java:169)&#xD;
	at com.kms.katalon.core.main.TestSuiteExecutor.accessTestSuiteMainPhase(TestSuiteExecutor.java:142)&#xD;
	at com.kms.katalon.core.main.TestSuiteExecutor.execute(TestSuiteExecutor.java:91)&#xD;
	at com.kms.katalon.core.main.TestCaseMain.startTestSuite(TestCaseMain.java:157)&#xD;
	at com.kms.katalon.core.main.TestCaseMain$startTestSuite$0.call(Unknown Source)&#xD;
	at TempTestSuite1568795294571.run(TempTestSuite1568795294571.groovy:35)&#xD;
&#xD;
&#xD;
2019-09-18 15:28:17 - [TEST_STEP][PASSED] - closeC = " ": null&#xD;
&#xD;
2019-09-18 15:28:17 - [TEST_STEP][PASSED] - xlsData = findTestData("MS_General_ServiceQuality"): null&#xD;
&#xD;
2019-09-18 15:28:17 - [TEST_STEP][PASSED] - btnNext = findTestObject("Object Repository/btn_next"): null&#xD;
&#xD;
2019-09-18 15:28:17 - [TEST_STEP][PASSED] - for ([row = 1, row &lt;= xlsData.getRowNumbers(), (row++)]): null&#xD;
&#xD;
2019-09-18 15:28:17 - [TEST_STEP][PASSED] - openBrowser(""): Browser is opened with url: ''&#xD;
&#xD;
2019-09-18 15:28:17 - [MESSAGE][INFO] - Starting 'Chrome' driver&#xD;
&#xD;
2019-09-18 15:28:18 - [MESSAGE][INFO] - Action delay is set to 0 seconds&#xD;
&#xD;
2019-09-18 15:28:20 - [MESSAGE][PASSED] - Browser is opened with url: ''&#xD;
&#xD;
2019-09-18 15:28:20 - [TEST_STEP][PASSED] - maximizeWindow(): Current window maximized&#xD;
&#xD;
2019-09-18 15:28:22 - [MESSAGE][PASSED] - Current window maximized&#xD;
&#xD;
2019-09-18 15:28:22 - [TEST_STEP][PASSED] - navigateToUrl("https://surveyconduct.feedback180.com/zl7mfvlm"): Navigate to 'https://surveyconduct.feedback180.com/zl7mfvlm' successfully&#xD;
&#xD;
2019-09-18 15:28:23 - [MESSAGE][PASSED] - Navigate to 'https://surveyconduct.feedback180.com/zl7mfvlm' successfully&#xD;
&#xD;
2019-09-18 15:28:23 - [TEST_STEP][PASSED] - waitForPageLoad(time): Wait for page load successfully&#xD;
&#xD;
2019-09-18 15:28:23 - [MESSAGE][PASSED] - Wait for page load successfully&#xD;
&#xD;
2019-09-18 15:28:23 - [TEST_STEP][PASSED] - verifyElementText(findTestObject("Object Repository/btn_start"), "เริ่มทำแบบประเมิน", STOP_ON_FAILURE): Actual text and expected text of test object 'Object Repository/btn_start' are matched.&#xD;
&#xD;
2019-09-18 15:28:24 - [MESSAGE][PASSED] - Actual text and expected text of test object 'Object Repository/btn_start' are matched.&#xD;
&#xD;
2019-09-18 15:28:24 - [TEST_STEP][PASSED] - click(findTestObject("Object Repository/btn_start")): Object: 'Object Repository/btn_start' is clicked on&#xD;
&#xD;
2019-09-18 15:28:24 - [MESSAGE][PASSED] - Object: 'Object Repository/btn_start' is clicked on&#xD;
&#xD;
2019-09-18 15:28:24 - [TEST_STEP][PASSED] - closeC = xlsData.getValue("ความพึงพอใจโดยรวมอยู่ในระดับใด", row): null&#xD;
&#xD;
2019-09-18 15:28:24 - [TEST_STEP][PASSED] - if (closeC == "close"): null&#xD;
&#xD;
2019-09-18 15:28:24 - [TEST_STEP][PASSED] - click(findTestObject("vote_score1-10", ["rowNo":"1", "vote":xlsData.getValue("ความพึงพอใจโดยรวมอยู่ในระดับใด", row)])): Object: 'Object Repository/vote_score1-10' is clicked on&#xD;
&#xD;
2019-09-18 15:28:24 - [MESSAGE][PASSED] - Object: 'Object Repository/vote_score1-10' is clicked on&#xD;
&#xD;
2019-09-18 15:28:24 - [TEST_STEP][PASSED] - verifyElementText(btnNext, "ถัดไป", STOP_ON_FAILURE): Actual text and expected text of test object 'Object Repository/btn_next' are matched.&#xD;
&#xD;
2019-09-18 15:28:24 - [MESSAGE][PASSED] - Actual text and expected text of test object 'Object Repository/btn_next' are matched.&#xD;
&#xD;
2019-09-18 15:28:24 - [TEST_STEP][PASSED] - click(btnNext): Object: 'Object Repository/btn_next' is clicked on&#xD;
&#xD;
2019-09-18 15:28:25 - [MESSAGE][PASSED] - Object: 'Object Repository/btn_next' is clicked on&#xD;
&#xD;
2019-09-18 15:28:25 - [TEST_STEP][PASSED] - closeC = xlsData.getValue("ความรวดเร็วของการบริการ", row): null&#xD;
&#xD;
2019-09-18 15:28:25 - [TEST_STEP][PASSED] - if (closeC == "close"): null&#xD;
&#xD;
2019-09-18 15:28:25 - [TEST_STEP][PASSED] - click(findTestObject("vote_score1-10", ["rowNo":"1", "vote":xlsData.getValue("ความรวดเร็วของการบริการ", row)])): Object: 'Object Repository/vote_score1-10' is clicked on&#xD;
&#xD;
2019-09-18 15:28:25 - [MESSAGE][PASSED] - Object: 'Object Repository/vote_score1-10' is clicked on&#xD;
&#xD;
2019-09-18 15:28:25 - [TEST_STEP][PASSED] - closeC = xlsData.getValue("คุณภาพของสินค้า", row): null&#xD;
&#xD;
2019-09-18 15:28:25 - [TEST_STEP][PASSED] - if (closeC == "close"): null&#xD;
&#xD;
2019-09-18 15:28:25 - [TEST_STEP][PASSED] - click(findTestObject("vote_score1-10", ["rowNo":"2", "vote":xlsData.getValue("คุณภาพของสินค้า", row)])): Object: 'Object Repository/vote_score1-10' is clicked on&#xD;
&#xD;
2019-09-18 15:28:25 - [MESSAGE][PASSED] - Object: 'Object Repository/vote_score1-10' is clicked on&#xD;
&#xD;
2019-09-18 15:28:25 - [TEST_STEP][PASSED] - verifyElementText(findTestObject("Object Repository/btn_back"), "กลับ", STOP_ON_FAILURE): Actual text and expected text of test object 'Object Repository/btn_back' are matched.&#xD;
&#xD;
2019-09-18 15:28:25 - [MESSAGE][PASSED] - Actual text and expected text of test object 'Object Repository/btn_back' are matched.&#xD;
&#xD;
2019-09-18 15:28:25 - [TEST_STEP][PASSED] - verifyElementText(btnNext, "ถัดไป", STOP_ON_FAILURE): Actual text and expected text of test object 'Object Repository/btn_next' are matched.&#xD;
&#xD;
2019-09-18 15:28:25 - [MESSAGE][PASSED] - Actual text and expected text of test object 'Object Repository/btn_next' are matched.&#xD;
&#xD;
2019-09-18 15:28:25 - [TEST_STEP][PASSED] - click(btnNext): Object: 'Object Repository/btn_next' is clicked on&#xD;
&#xD;
2019-09-18 15:28:25 - [MESSAGE][PASSED] - Object: 'Object Repository/btn_next' is clicked on&#xD;
&#xD;
2019-09-18 15:28:25 - [TEST_STEP][PASSED] - closeC = xlsData.getValue("บรรยากาศ", row): null&#xD;
&#xD;
2019-09-18 15:28:25 - [TEST_STEP][PASSED] - if (closeC == "close"): null&#xD;
&#xD;
2019-09-18 15:28:25 - [TEST_STEP][PASSED] - click(findTestObject("vote_score1-10", ["rowNo":"1", "vote":xlsData.getValue("บรรยากาศ", row)])): Object: 'Object Repository/vote_score1-10' is clicked on&#xD;
&#xD;
2019-09-18 15:28:25 - [MESSAGE][PASSED] - Object: 'Object Repository/vote_score1-10' is clicked on&#xD;
&#xD;
2019-09-18 15:28:25 - [TEST_STEP][PASSED] - closeC = xlsData.getValue("ราคา", row): null&#xD;
&#xD;
2019-09-18 15:28:25 - [TEST_STEP][PASSED] - if (closeC == "close"): null&#xD;
&#xD;
2019-09-18 15:28:25 - [TEST_STEP][PASSED] - click(findTestObject("vote_score1-10", ["rowNo":"2", "vote":xlsData.getValue("ราคา", row)])): Object: 'Object Repository/vote_score1-10' is clicked on&#xD;
&#xD;
2019-09-18 15:28:25 - [MESSAGE][PASSED] - Object: 'Object Repository/vote_score1-10' is clicked on&#xD;
&#xD;
2019-09-18 15:28:25 - [TEST_STEP][PASSED] - verifyElementText(findTestObject("Object Repository/btn_back"), "กลับ", STOP_ON_FAILURE): Actual text and expected text of test object 'Object Repository/btn_back' are matched.&#xD;
&#xD;
2019-09-18 15:28:25 - [MESSAGE][PASSED] - Actual text and expected text of test object 'Object Repository/btn_back' are matched.&#xD;
&#xD;
2019-09-18 15:28:25 - [TEST_STEP][PASSED] - verifyElementText(btnNext, "ถัดไป", STOP_ON_FAILURE): Actual text and expected text of test object 'Object Repository/btn_next' are matched.&#xD;
&#xD;
2019-09-18 15:28:25 - [MESSAGE][PASSED] - Actual text and expected text of test object 'Object Repository/btn_next' are matched.&#xD;
&#xD;
2019-09-18 15:28:25 - [TEST_STEP][PASSED] - click(btnNext): Object: 'Object Repository/btn_next' is clicked on&#xD;
&#xD;
2019-09-18 15:28:26 - [MESSAGE][PASSED] - Object: 'Object Repository/btn_next' is clicked on&#xD;
&#xD;
2019-09-18 15:28:26 - [TEST_STEP][PASSED] - closeC = xlsData.getValue("ความสะดวกในการเดินทาง", row): null&#xD;
&#xD;
2019-09-18 15:28:26 - [TEST_STEP][PASSED] - if (closeC == "close"): null&#xD;
&#xD;
2019-09-18 15:28:26 - [TEST_STEP][PASSED] - closeBrowser(): Browser is closed&#xD;
&#xD;
2019-09-18 15:28:26 - [MESSAGE][PASSED] - Browser is closed&#xD;
&#xD;
2019-09-18 15:28:26 - [TEST_STEP][PASSED] - closeC = "": null&#xD;
&#xD;
2019-09-18 15:28:26 - [TEST_STEP][PASSED] - &lt;not implemented yet for class: org.codehaus.groovy.ast.stmt.ContinueStatement&gt;: null&#xD;
&#xD;
2019-09-18 15:28:26 - [TEST_STEP][PASSED] - openBrowser(""): Browser is opened with url: ''&#xD;
&#xD;
2019-09-18 15:28:26 - [MESSAGE][INFO] - Starting 'Chrome' driver&#xD;
&#xD;
2019-09-18 15:28:29 - [MESSAGE][PASSED] - Browser is opened with url: ''&#xD;
&#xD;
2019-09-18 15:28:29 - [TEST_STEP][PASSED] - maximizeWindow(): Current window maximized&#xD;
&#xD;
2019-09-18 15:28:30 - [MESSAGE][PASSED] - Current window maximized&#xD;
&#xD;
2019-09-18 15:28:30 - [TEST_STEP][PASSED] - navigateToUrl("https://surveyconduct.feedback180.com/zl7mfvlm"): Navigate to 'https://surveyconduct.feedback180.com/zl7mfvlm' successfully&#xD;
&#xD;
2019-09-18 15:28:31 - [MESSAGE][PASSED] - Navigate to 'https://surveyconduct.feedback180.com/zl7mfvlm' successfully&#xD;
&#xD;
2019-09-18 15:28:31 - [TEST_STEP][PASSED] - waitForPageLoad(time): Wait for page load successfully&#xD;
&#xD;
2019-09-18 15:28:31 - [MESSAGE][PASSED] - Wait for page load successfully&#xD;
&#xD;
2019-09-18 15:28:31 - [TEST_STEP][PASSED] - verifyElementText(findTestObject("Object Repository/btn_start"), "เริ่มทำแบบประเมิน", STOP_ON_FAILURE): Actual text and expected text of test object 'Object Repository/btn_start' are matched.&#xD;
&#xD;
2019-09-18 15:28:32 - [MESSAGE][PASSED] - Actual text and expected text of test object 'Object Repository/btn_start' are matched.&#xD;
&#xD;
2019-09-18 15:28:32 - [TEST_STEP][PASSED] - click(findTestObject("Object Repository/btn_start")): Object: 'Object Repository/btn_start' is clicked on&#xD;
&#xD;
2019-09-18 15:28:32 - [MESSAGE][PASSED] - Object: 'Object Repository/btn_start' is clicked on&#xD;
&#xD;
2019-09-18 15:28:32 - [TEST_STEP][PASSED] - closeC = xlsData.getValue("ความพึงพอใจโดยรวมอยู่ในระดับใด", row): null&#xD;
&#xD;
2019-09-18 15:28:32 - [TEST_STEP][PASSED] - if (closeC == "close"): null&#xD;
&#xD;
2019-09-18 15:28:32 - [TEST_STEP][PASSED] - click(findTestObject("vote_score1-10", ["rowNo":"1", "vote":xlsData.getValue("ความพึงพอใจโดยรวมอยู่ในระดับใด", row)])): Object: 'Object Repository/vote_score1-10' is clicked on&#xD;
&#xD;
2019-09-18 15:28:32 - [MESSAGE][PASSED] - Object: 'Object Repository/vote_score1-10' is clicked on&#xD;
&#xD;
2019-09-18 15:28:32 - [TEST_STEP][PASSED] - verifyElementText(btnNext, "ถัดไป", STOP_ON_FAILURE): Actual text and expected text of test object 'Object Repository/btn_next' are matched.&#xD;
&#xD;
2019-09-18 15:28:32 - [MESSAGE][PASSED] - Actual text and expected text of test object 'Object Repository/btn_next' are matched.&#xD;
&#xD;
2019-09-18 15:28:32 - [TEST_STEP][PASSED] - click(btnNext): Object: 'Object Repository/btn_next' is clicked on&#xD;
&#xD;
2019-09-18 15:28:32 - [MESSAGE][PASSED] - Object: 'Object Repository/btn_next' is clicked on&#xD;
&#xD;
2019-09-18 15:28:32 - [TEST_STEP][PASSED] - closeC = xlsData.getValue("ความรวดเร็วของการบริการ", row): null&#xD;
&#xD;
2019-09-18 15:28:32 - [TEST_STEP][PASSED] - if (closeC == "close"): null&#xD;
&#xD;
2019-09-18 15:28:32 - [TEST_STEP][PASSED] - click(findTestObject("vote_score1-10", ["rowNo":"1", "vote":xlsData.getValue("ความรวดเร็วของการบริการ", row)])): Object: 'Object Repository/vote_score1-10' is clicked on&#xD;
&#xD;
2019-09-18 15:28:32 - [MESSAGE][PASSED] - Object: 'Object Repository/vote_score1-10' is clicked on&#xD;
&#xD;
2019-09-18 15:28:32 - [TEST_STEP][PASSED] - closeC = xlsData.getValue("คุณภาพของสินค้า", row): null&#xD;
&#xD;
2019-09-18 15:28:32 - [TEST_STEP][PASSED] - if (closeC == "close"): null&#xD;
&#xD;
2019-09-18 15:28:32 - [TEST_STEP][PASSED] - click(findTestObject("vote_score1-10", ["rowNo":"2", "vote":xlsData.getValue("คุณภาพของสินค้า", row)])): Object: 'Object Repository/vote_score1-10' is clicked on&#xD;
&#xD;
2019-09-18 15:28:32 - [MESSAGE][PASSED] - Object: 'Object Repository/vote_score1-10' is clicked on&#xD;
&#xD;
2019-09-18 15:28:32 - [TEST_STEP][PASSED] - verifyElementText(findTestObject("Object Repository/btn_back"), "กลับ", STOP_ON_FAILURE): Actual text and expected text of test object 'Object Repository/btn_back' are matched.&#xD;
&#xD;
2019-09-18 15:28:32 - [MESSAGE][PASSED] - Actual text and expected text of test object 'Object Repository/btn_back' are matched.&#xD;
&#xD;
2019-09-18 15:28:32 - [TEST_STEP][PASSED] - verifyElementText(btnNext, "ถัดไป", STOP_ON_FAILURE): Actual text and expected text of test object 'Object Repository/btn_next' are matched.&#xD;
&#xD;
2019-09-18 15:28:32 - [MESSAGE][PASSED] - Actual text and expected text of test object 'Object Repository/btn_next' are matched.&#xD;
&#xD;
2019-09-18 15:28:32 - [TEST_STEP][PASSED] - click(btnNext): Object: 'Object Repository/btn_next' is clicked on&#xD;
&#xD;
2019-09-18 15:28:32 - [MESSAGE][PASSED] - Object: 'Object Repository/btn_next' is clicked on&#xD;
&#xD;
2019-09-18 15:28:32 - [TEST_STEP][PASSED] - closeC = xlsData.getValue("บรรยากาศ", row): null&#xD;
&#xD;
2019-09-18 15:28:32 - [TEST_STEP][PASSED] - if (closeC == "close"): null&#xD;
&#xD;
2019-09-18 15:28:32 - [TEST_STEP][PASSED] - click(findTestObject("vote_score1-10", ["rowNo":"1", "vote":xlsData.getValue("บรรยากาศ", row)])): Object: 'Object Repository/vote_score1-10' is clicked on&#xD;
&#xD;
2019-09-18 15:28:33 - [MESSAGE][PASSED] - Object: 'Object Repository/vote_score1-10' is clicked on&#xD;
&#xD;
2019-09-18 15:28:33 - [TEST_STEP][PASSED] - closeC = xlsData.getValue("ราคา", row): null&#xD;
&#xD;
2019-09-18 15:28:33 - [TEST_STEP][PASSED] - if (closeC == "close"): null&#xD;
&#xD;
2019-09-18 15:28:33 - [TEST_STEP][PASSED] - click(findTestObject("vote_score1-10", ["rowNo":"2", "vote":xlsData.getValue("ราคา", row)])): Object: 'Object Repository/vote_score1-10' is clicked on&#xD;
&#xD;
2019-09-18 15:28:33 - [MESSAGE][PASSED] - Object: 'Object Repository/vote_score1-10' is clicked on&#xD;
&#xD;
2019-09-18 15:28:33 - [TEST_STEP][PASSED] - verifyElementText(findTestObject("Object Repository/btn_back"), "กลับ", STOP_ON_FAILURE): Actual text and expected text of test object 'Object Repository/btn_back' are matched.&#xD;
&#xD;
2019-09-18 15:28:33 - [MESSAGE][PASSED] - Actual text and expected text of test object 'Object Repository/btn_back' are matched.&#xD;
&#xD;
2019-09-18 15:28:33 - [TEST_STEP][PASSED] - verifyElementText(btnNext, "ถัดไป", STOP_ON_FAILURE): Actual text and expected text of test object 'Object Repository/btn_next' are matched.&#xD;
&#xD;
2019-09-18 15:28:33 - [MESSAGE][PASSED] - Actual text and expected text of test object 'Object Repository/btn_next' are matched.&#xD;
&#xD;
2019-09-18 15:28:33 - [TEST_STEP][PASSED] - click(btnNext): Object: 'Object Repository/btn_next' is clicked on&#xD;
&#xD;
2019-09-18 15:28:33 - [MESSAGE][PASSED] - Object: 'Object Repository/btn_next' is clicked on&#xD;
&#xD;
2019-09-18 15:28:33 - [TEST_STEP][PASSED] - closeC = xlsData.getValue("ความสะดวกในการเดินทาง", row): null&#xD;
&#xD;
2019-09-18 15:28:33 - [TEST_STEP][PASSED] - if (closeC == "close"): null&#xD;
&#xD;
2019-09-18 15:28:33 - [TEST_STEP][PASSED] - click(findTestObject("vote_score1-10", ["rowNo":"1", "vote":xlsData.getValue("ความสะดวกในการเดินทาง", row)])): Object: 'Object Repository/vote_score1-10' is clicked on&#xD;
&#xD;
2019-09-18 15:28:33 - [MESSAGE][PASSED] - Object: 'Object Repository/vote_score1-10' is clicked on&#xD;
&#xD;
2019-09-18 15:28:33 - [TEST_STEP][PASSED] - closeC = xlsData.getValue("มีอะไรอยากแนะนำไหม", row): null&#xD;
&#xD;
2019-09-18 15:28:33 - [TEST_STEP][PASSED] - if (closeC == "close"): null&#xD;
&#xD;
2019-09-18 15:28:33 - [TEST_STEP][PASSED] - setText(findTestObject("text_area1"), xlsData.getValue("มีอะไรอยากแนะนำไหม", row)): Text 'Test_2' is set on object 'Object Repository/text_area1'&#xD;
&#xD;
2019-09-18 15:28:33 - [MESSAGE][PASSED] - Text 'Test_2' is set on object 'Object Repository/text_area1'&#xD;
&#xD;
2019-09-18 15:28:33 - [TEST_STEP][PASSED] - verifyElementText(findTestObject("Object Repository/btn_back"), "กลับ", STOP_ON_FAILURE): Actual text and expected text of test object 'Object Repository/btn_back' are matched.&#xD;
&#xD;
2019-09-18 15:28:33 - [MESSAGE][PASSED] - Actual text and expected text of test object 'Object Repository/btn_back' are matched.&#xD;
&#xD;
2019-09-18 15:28:33 - [TEST_STEP][PASSED] - verifyElementText(btnNext, "ถัดไป", STOP_ON_FAILURE): Actual text and expected text of test object 'Object Repository/btn_next' are matched.&#xD;
&#xD;
2019-09-18 15:28:33 - [MESSAGE][PASSED] - Actual text and expected text of test object 'Object Repository/btn_next' are matched.&#xD;
&#xD;
2019-09-18 15:28:33 - [TEST_STEP][PASSED] - click(btnNext): Object: 'Object Repository/btn_next' is clicked on&#xD;
&#xD;
2019-09-18 15:28:33 - [MESSAGE][PASSED] - Object: 'Object Repository/btn_next' is clicked on&#xD;
&#xD;
2019-09-18 15:28:33 - [TEST_STEP][PASSED] - closeC = xlsData.getValue("อยากแนะนำให้คนใกล้ชิดหรือคนรู้จักมาใช้บริการในระดับใด", row): null</system-out>
            <system-err>2019-09-18 15:28:16 - [TEST_CASE][ERROR] - Test Cases/MS_General_ServiceQuality: Test Cases/MS_General_ServiceQuality FAILED.
Reason:
java.lang.IllegalArgumentException: Invalid column name 'อยากแนะนำให้คนใกล้ชิดหรือคนรู้จักมาใช้บริการในระดับใด' for test data 'C:\Users\Saringkan\Katalon Studio\MS_General by pA\Data Files\MS_General.xlsx'. Possible values are '{Testcase,ความพึงพอใจโดยรวมอยู่ในระดับใด,ความรวดเร็วของการบริการ,คุณภาพของสินค้า,บรรยากาศ,ราคา,ความสะดวกในการเดินทาง,ใช้บริการบ่อยแค่ไหน,มีอะไรอยากแนะนำไหม,เพศ,ปีเกิด (พ.ศ.)}'&#xD;
	at com.kms.katalon.core.testdata.AbstractTestData.verifyColumnName(AbstractTestData.java:78)&#xD;
	at com.kms.katalon.core.testdata.AbstractTestData.getObjectValue(AbstractTestData.java:136)&#xD;
	at com.kms.katalon.core.testdata.AbstractTestData.getValue(AbstractTestData.java:107)&#xD;
	at com.kms.katalon.core.testdata.TestData$getValue$0.call(Unknown Source)&#xD;
	at MS_General_ServiceQuality.run(MS_General_ServiceQuality:118)&#xD;
	at com.kms.katalon.core.main.ScriptEngine.run(ScriptEngine.java:194)&#xD;
	at com.kms.katalon.core.main.ScriptEngine.runScriptAsRawText(ScriptEngine.java:119)&#xD;
	at com.kms.katalon.core.main.TestCaseExecutor.runScript(TestCaseExecutor.java:337)&#xD;
	at com.kms.katalon.core.main.TestCaseExecutor.doExecute(TestCaseExecutor.java:328)&#xD;
	at com.kms.katalon.core.main.TestCaseExecutor.processExecutionPhase(TestCaseExecutor.java:307)&#xD;
	at com.kms.katalon.core.main.TestCaseExecutor.accessMainPhase(TestCaseExecutor.java:299)&#xD;
	at com.kms.katalon.core.main.TestCaseExecutor.execute(TestCaseExecutor.java:233)&#xD;
	at com.kms.katalon.core.main.TestSuiteExecutor.accessTestCaseMainPhase(TestSuiteExecutor.java:169)&#xD;
	at com.kms.katalon.core.main.TestSuiteExecutor.accessTestSuiteMainPhase(TestSuiteExecutor.java:142)&#xD;
	at com.kms.katalon.core.main.TestSuiteExecutor.execute(TestSuiteExecutor.java:91)&#xD;
	at com.kms.katalon.core.main.TestCaseMain.startTestSuite(TestCaseMain.java:157)&#xD;
	at com.kms.katalon.core.main.TestCaseMain$startTestSuite$0.call(Unknown Source)&#xD;
	at TempTestSuite1568795294571.run(TempTestSuite1568795294571.groovy:35)</system-err>
        </testcase>
        <system-out>2019-09-18 15:28:16 - [TEST_SUITE][INCOMPLETE] - TestClose: null</system-out>
        <system-err>2019-09-18 15:28:16 - [TEST_SUITE][INCOMPLETE] - TestClose: null</system-err>
    </testsuite>
</testsuites>
